<?xml version="1.0" encoding="UTF-8"?>
<testng-results skipped="0" failed="0" ignored="0" total="1" passed="1">
  <reporter-output>
  </reporter-output>
  <suite name="Suite" duration-ms="105" started-at="2018-12-28T07:31:56Z" finished-at="2018-12-28T07:31:57Z">
    <groups>
    </groups>
    <test name="Test" duration-ms="105" started-at="2018-12-28T07:31:56Z" finished-at="2018-12-28T07:31:57Z">
      <class name="shruti.MavenShruti.TestDemoMaven">
        <test-method status="PASS" signature="m1()[pri:0, instance:shruti.MavenShruti.TestDemoMaven@30a502]" name="m1" duration-ms="28" started-at="2018-12-28T13:01:57Z" finished-at="2018-12-28T13:01:57Z">
          <reporter-output>
          </reporter-output>
        </test-method> <!-- m1 -->
      </class> <!-- shruti.MavenShruti.TestDemoMaven -->
    </test> <!-- Test -->
  </suite> <!-- Suite -->
</testng-results>
