<?xml version="1.0" encoding="UTF-8"?>
<testng-results skipped="0" failed="0" ignored="0" total="1" passed="1">
  <reporter-output>
  </reporter-output>
  <suite name="Default suite" duration-ms="22825" started-at="2018-11-15T05:59:09Z" finished-at="2018-11-15T05:59:32Z">
    <groups>
    </groups>
    <test name="Default test" duration-ms="22825" started-at="2018-11-15T05:59:09Z" finished-at="2018-11-15T05:59:32Z">
      <class name="shruti.MavenShruti.DriverDemo">
        <test-method status="PASS" signature="demo()[pri:0, instance:shruti.MavenShruti.DriverDemo@1fc5af1]" name="demo" duration-ms="22677" started-at="2018-11-15T11:29:09Z" finished-at="2018-11-15T11:29:32Z">
          <reporter-output>
          </reporter-output>
        </test-method> <!-- demo -->
      </class> <!-- shruti.MavenShruti.DriverDemo -->
    </test> <!-- Default test -->
  </suite> <!-- Default suite -->
</testng-results>
